
**** Build of configuration Debug for project testPO ****

"C:\\ti\\ccsv7\\utils\\bin\\gmake" -k all 
'Building file: ../comTest.cpp'
'Invoking: ARM Compiler'
"C:/ti/ccsv7/tools/compiler/ti-cgt-arm_17.9.0.STS/bin/armcl" -mv7M4 --code_state=16 --float_support=FPv4SPD16 -me -O0 --include_path="D:/Shestakov/autoTest/ccs/testPO" --include_path="D:/Shestakov/autoTest/ccs/testPO/headers" --include_path="C:/ti/ccsv7/tools/compiler/ti-cgt-arm_17.9.0.STS/include" --include_path="C:/ti/TivaWare_C_Series-2.1.3.156" --advice:power=all --define=ccs="ccs" --define=PART_TM4C1294NCPDT --define=TARGET_IS_TM4C129_RA0 -g --gcc --diag_warning=225 --diag_wrap=off --display_error_number --gen_func_subsections=on --abi=eabi --ual --preproc_with_compile --preproc_dependency="comTest.d_raw"  "../comTest.cpp"
"C:/ti/ccsv7/tools/compiler/ti-cgt-arm_17.9.0.STS/include/s__algobase.h", line 199: remark #1542-D: (ULP 12.1) Detected memcpy() and recommend using DMA instead if greater than 100 words being transferred
"C:/ti/ccsv7/tools/compiler/ti-cgt-arm_17.9.0.STS/include/s__algobase.h", line 231: remark #1542-D: (ULP 12.1) Detected memcpy() and recommend using DMA instead if greater than 100 words being transferred
"C:/ti/ccsv7/tools/compiler/ti-cgt-arm_17.9.0.STS/include/s__uninitialized.h", line 113: remark #1542-D: (ULP 12.1) Detected memcpy() and recommend using DMA instead if greater than 100 words being transferred
"../comTest.cpp", line 78: remark #2623-D: (ULP 5.4) Detected an assignment to a type with size less than int. To avoid unnecessary sign extension, use int-sized types for local varaibles and convert to smaller types for static storage.
"../comTest.cpp", line 78: remark #2623-D: (ULP 5.4) Detected an assignment to a type with size less than int. To avoid unnecessary sign extension, use int-sized types for local varaibles and convert to smaller types for static storage.
"../comTest.cpp", line 78: remark #2623-D: (ULP 5.4) Detected an assignment to a type with size less than int. To avoid unnecessary sign extension, use int-sized types for local varaibles and convert to smaller types for static storage.
"../comTest.cpp", line 154: remark #2623-D: (ULP 5.4) Detected an assignment to a type with size less than int. To avoid unnecessary sign extension, use int-sized types for local varaibles and convert to smaller types for static storage.
"../comTest.cpp", line 155: remark #2623-D: (ULP 5.4) Detected an assignment to a type with size less than int. To avoid unnecessary sign extension, use int-sized types for local varaibles and convert to smaller types for static storage.
"../comTest.cpp", line 151: remark #2623-D: (ULP 5.4) Detected an assignment to a type with size less than int. To avoid unnecessary sign extension, use int-sized types for local varaibles and convert to smaller types for static storage.
"../comTest.cpp", line 154: remark #2623-D: (ULP 5.4) Detected an assignment to a type with size less than int. To avoid unnecessary sign extension, use int-sized types for local varaibles and convert to smaller types for static storage.
"../comTest.cpp", line 155: remark #2623-D: (ULP 5.4) Detected an assignment to a type with size less than int. To avoid unnecessary sign extension, use int-sized types for local varaibles and convert to smaller types for static storage.
"../comTest.cpp", line 151: remark #2623-D: (ULP 5.4) Detected an assignment to a type with size less than int. To avoid unnecessary sign extension, use int-sized types for local varaibles and convert to smaller types for static storage.
'Finished building: ../comTest.cpp'
' '
'Building file: ../main.cpp'
'Invoking: ARM Compiler'
"C:/ti/ccsv7/tools/compiler/ti-cgt-arm_17.9.0.STS/bin/armcl" -mv7M4 --code_state=16 --float_support=FPv4SPD16 -me -O0 --include_path="D:/Shestakov/autoTest/ccs/testPO" --include_path="D:/Shestakov/autoTest/ccs/testPO/headers" --include_path="C:/ti/ccsv7/tools/compiler/ti-cgt-arm_17.9.0.STS/include" --include_path="C:/ti/TivaWare_C_Series-2.1.3.156" --advice:power=all --define=ccs="ccs" --define=PART_TM4C1294NCPDT --define=TARGET_IS_TM4C129_RA0 -g --gcc --diag_warning=225 --diag_wrap=off --display_error_number --gen_func_subsections=on --abi=eabi --ual --preproc_with_compile --preproc_dependency="main.d_raw"  "../main.cpp"
'Finished building: ../main.cpp'
' '
'Building target: testPO.out'
'Invoking: ARM Linker'
"C:/ti/ccsv7/tools/compiler/ti-cgt-arm_17.9.0.STS/bin/armcl" -mv7M4 --code_state=16 --float_support=FPv4SPD16 -me -O0 --advice:power=all --define=ccs="ccs" --define=PART_TM4C1294NCPDT --define=TARGET_IS_TM4C129_RA0 -g --gcc --diag_warning=225 --diag_wrap=off --display_error_number --gen_func_subsections=on --abi=eabi --ual -z -m"uart_echo_ccs.map" --heap_size=0 --stack_size=256 -i"C:/ti/ccsv7/tools/compiler/ti-cgt-arm_17.9.0.STS/lib" -i"C:/ti/ccsv7/tools/compiler/ti-cgt-arm_17.9.0.STS/include" --reread_libs --diag_wrap=off --display_error_number --warn_sections --xml_link_info="testPO_linkInfo.xml" --rom_model -o "testPO.out" "./Input.obj" "./PWR.obj" "./comTest.obj" "./main.obj" "./pinout.obj" "./startup_ccs.obj" "./uartstdio.obj" "../uart_echo_ccs.cmd"  -llibc.a -l"C:/ti/TivaWare_C_Series-2.1.3.156/driverlib/ccs/Debug/driverlib.lib" 
<Linking>
remark #10371-D: (ULP 1.1) Detected no uses of low power mode state changing instructions
'Finished building target: testPO.out'
' '
"C:/ti/ccsv7/utils/tiobj2bin/tiobj2bin" "testPO.out" "testPO.bin" "C:/ti/ccsv7/tools/compiler/ti-cgt-arm_17.9.0.STS/bin/armofd" "C:/ti/ccsv7/tools/compiler/ti-cgt-arm_17.9.0.STS/bin/armhex" "C:/ti/ccsv7/utils/tiobj2bin/mkhex4bin"
' '

**** Build Finished ****
